This is pdfTeX, Version 3.14159265-2.6-1.40.16 (MiKTeX 2.9 64-bit) (preloaded format=pdflatex 2016.1.11)  9 FEB 2016 13:40
entering extended mode
**C:/Users/siser/Documents/GitHub/paper-rgpu-cloud/paper.tex
(C:/Users/siser/Documents/GitHub/paper-rgpu-cloud/paper.tex
LaTeX2e <2015/10/01> patch level 2
Babel <3.9m> and hyphenation patterns for 69 languages loaded.
(article.cls
Document Class: article 2000/05/19 v1.4b Standard LaTeX document class
("C:\Users\siser\AppData\Local\Programs\MiKTeX 2.9\tex\latex\base\size10.clo"
File: size10.clo 2014/09/29 v1.4h Standard LaTeX file (size option)
)
\c@part=\count79
\c@section=\count80
\c@subsection=\count81
\c@subsubsection=\count82
\c@paragraph=\count83
\c@subparagraph=\count84
\c@figure=\count85
\c@table=\count86
\abovecaptionskip=\skip41
\belowcaptionskip=\skip42
\bibindent=\dimen102
)
("C:\Users\siser\AppData\Local\Programs\MiKTeX 2.9\tex\latex\graphics\epsfig.st
y"
Package: epsfig 1999/02/16 v1.7a (e)psfig emulation (SPQR)

("C:\Users\siser\AppData\Local\Programs\MiKTeX 2.9\tex\latex\graphics\graphicx.
sty"
Package: graphicx 2014/10/28 v1.0g Enhanced LaTeX Graphics (DPC,SPQR)

("C:\Users\siser\AppData\Local\Programs\MiKTeX 2.9\tex\latex\graphics\keyval.st
y"
Package: keyval 2014/10/28 v1.15 key=value parser (DPC)
\KV@toks@=\toks14
)
("C:\Users\siser\AppData\Local\Programs\MiKTeX 2.9\tex\latex\graphics\graphics.
sty"
Package: graphics 2014/10/28 v1.0p Standard LaTeX Graphics (DPC,SPQR)

("C:\Users\siser\AppData\Local\Programs\MiKTeX 2.9\tex\latex\graphics\trig.sty"
Package: trig 1999/03/16 v1.09 sin cos tan (DPC)
)
("C:\Users\siser\AppData\Local\Programs\MiKTeX 2.9\tex\latex\00miktex\graphics.
cfg"
File: graphics.cfg 2007/01/18 v1.5 graphics configuration of teTeX/TeXLive
)
Package graphics Info: Driver file: pdftex.def on input line 94.

("C:\Users\siser\AppData\Local\Programs\MiKTeX 2.9\tex\latex\pdftex-def\pdftex.
def"
File: pdftex.def 2011/05/27 v0.06d Graphics/color for pdfTeX

("C:\Users\siser\AppData\Local\Programs\MiKTeX 2.9\tex\generic\oberdiek\infware
rr.sty"
Package: infwarerr 2010/04/08 v1.3 Providing info/warning/error messages (HO)
)
("C:\Users\siser\AppData\Local\Programs\MiKTeX 2.9\tex\generic\oberdiek\ltxcmds
.sty"
Package: ltxcmds 2011/11/09 v1.22 LaTeX kernel commands for general use (HO)
)
\Gread@gobject=\count87
))
\Gin@req@height=\dimen103
\Gin@req@width=\dimen104
)
\epsfxsize=\dimen105
\epsfysize=\dimen106
)
("C:\Users\siser\AppData\Local\Programs\MiKTeX 2.9\tex\latex\subfigure\subfigur
e.sty"
Package: subfigure 2002/07/30 v2.1.4 subfigure package
\subfigtopskip=\skip43
\subfigcapskip=\skip44
\subfigcaptopadj=\dimen107
\subfigbottomskip=\skip45
\subfigcapmargin=\dimen108
\subfiglabelskip=\skip46
\c@subfigure=\count88
\c@lofdepth=\count89
\c@subtable=\count90
\c@lotdepth=\count91

****************************************
* Local config file subfigure.cfg used *
****************************************

("C:\Users\siser\AppData\Local\Programs\MiKTeX 2.9\tex\latex\subfigure\subfigur
e.cfg")
\subfig@top=\skip47
\subfig@bottom=\skip48
)
("C:\Users\siser\AppData\Local\Programs\MiKTeX 2.9\tex\latex\tools\calc.sty"
Package: calc 2014/10/28 v4.3 Infix arithmetic (KKT,FJ)
\calc@Acount=\count92
\calc@Bcount=\count93
\calc@Adimen=\dimen109
\calc@Bdimen=\dimen110
\calc@Askip=\skip49
\calc@Bskip=\skip50
LaTeX Info: Redefining \setlength on input line 80.
LaTeX Info: Redefining \addtolength on input line 81.
\calc@Ccount=\count94
\calc@Cskip=\skip51
)
("C:\Users\siser\AppData\Local\Programs\MiKTeX 2.9\tex\latex\amsfonts\amssymb.s
ty"
Package: amssymb 2013/01/14 v3.01 AMS font symbols

("C:\Users\siser\AppData\Local\Programs\MiKTeX 2.9\tex\latex\amsfonts\amsfonts.
sty"
Package: amsfonts 2013/01/14 v3.01 Basic AMSFonts support
\@emptytoks=\toks15
\symAMSa=\mathgroup4
\symAMSb=\mathgroup5
LaTeX Font Info:    Overwriting math alphabet `\mathfrak' in version `bold'
(Font)                  U/euf/m/n --> U/euf/b/n on input line 106.
))
("C:\Users\siser\AppData\Local\Programs\MiKTeX 2.9\tex\latex\amsmath\amstext.st
y"
Package: amstext 2000/06/29 v2.01

("C:\Users\siser\AppData\Local\Programs\MiKTeX 2.9\tex\latex\amsmath\amsgen.sty
"
File: amsgen.sty 1999/11/30 v2.0
\@emptytoks=\toks16
\ex@=\dimen111
))
("C:\Users\siser\AppData\Local\Programs\MiKTeX 2.9\tex\latex\amsmath\amsmath.st
y"
Package: amsmath 2013/01/14 v2.14 AMS math features
\@mathmargin=\skip52

For additional information on amsmath, use the `?' option.
("C:\Users\siser\AppData\Local\Programs\MiKTeX 2.9\tex\latex\amsmath\amsbsy.sty
"
Package: amsbsy 1999/11/29 v1.2d
\pmbraise@=\dimen112
)
("C:\Users\siser\AppData\Local\Programs\MiKTeX 2.9\tex\latex\amsmath\amsopn.sty
"
Package: amsopn 1999/12/14 v2.01 operator names
)
\inf@bad=\count95
LaTeX Info: Redefining \frac on input line 210.
\uproot@=\count96
\leftroot@=\count97
LaTeX Info: Redefining \overline on input line 306.
\classnum@=\count98
\DOTSCASE@=\count99
LaTeX Info: Redefining \ldots on input line 378.
LaTeX Info: Redefining \dots on input line 381.
LaTeX Info: Redefining \cdots on input line 466.
\Mathstrutbox@=\box26
\strutbox@=\box27
\big@size=\dimen113
LaTeX Font Info:    Redeclaring font encoding OML on input line 566.
LaTeX Font Info:    Redeclaring font encoding OMS on input line 567.
\macc@depth=\count100
\c@MaxMatrixCols=\count101
\dotsspace@=\muskip10
\c@parentequation=\count102
\dspbrk@lvl=\count103
\tag@help=\toks17
\row@=\count104
\column@=\count105
\maxfields@=\count106
\andhelp@=\toks18
\eqnshift@=\dimen114
\alignsep@=\dimen115
\tagshift@=\dimen116
\tagwidth@=\dimen117
\totwidth@=\dimen118
\lineht@=\dimen119
\@envbody=\toks19
\multlinegap=\skip53
\multlinetaggap=\skip54
\mathdisplay@stack=\toks20
LaTeX Info: Redefining \[ on input line 2665.
LaTeX Info: Redefining \] on input line 2666.
)
("C:\Users\siser\AppData\Local\Programs\MiKTeX 2.9\tex\latex\amscls\amsthm.sty"
Package: amsthm 2015/03/04 v2.20.2
\thm@style=\toks21
\thm@bodyfont=\toks22
\thm@headfont=\toks23
\thm@notefont=\toks24
\thm@headpunct=\toks25
\thm@preskip=\skip55
\thm@postskip=\skip56
\thm@headsep=\skip57
\dth@everypar=\toks26
)
("C:\Users\siser\AppData\Local\Programs\MiKTeX 2.9\tex\latex\tools\multicol.sty
"
Package: multicol 2015/08/19 v1.8n multicolumn formatting (FMi)
\c@tracingmulticols=\count107
\mult@box=\box28
\multicol@leftmargin=\dimen120
\c@unbalance=\count108
\c@collectmore=\count109
\doublecol@number=\count110
\multicoltolerance=\count111
\multicolpretolerance=\count112
\full@width=\dimen121
\page@free=\dimen122
\premulticols=\dimen123
\postmulticols=\dimen124
\multicolsep=\skip58
\multicolbaselineskip=\skip59
\partial@page=\box29
\last@line=\box30
\maxbalancingoverflow=\dimen125
\mult@rightbox=\box31
\mult@grightbox=\box32
\mult@gfirstbox=\box33
\mult@firstbox=\box34
\@tempa=\box35
\@tempa=\box36
\@tempa=\box37
\@tempa=\box38
\@tempa=\box39
\@tempa=\box40
\@tempa=\box41
\@tempa=\box42
\@tempa=\box43
\@tempa=\box44
\@tempa=\box45
\@tempa=\box46
\@tempa=\box47
\@tempa=\box48
\@tempa=\box49
\@tempa=\box50
\@tempa=\box51
\c@columnbadness=\count113
\c@finalcolumnbadness=\count114
\last@try=\dimen126
\multicolovershoot=\dimen127
\multicolundershoot=\dimen128
\mult@nat@firstbox=\box52
\colbreak@box=\box53
\mc@col@check@num=\count115
)
("C:\Users\siser\AppData\Local\Programs\MiKTeX 2.9\tex\latex\pslatex\pslatex.st
y"
Package: pslatex 1996/07/24 v1.2 pslatex emulation (DPC)
LaTeX Font Info:    Redeclaring symbol font `operators' on input line 65.
LaTeX Font Info:    Overwriting symbol font `operators' in version `normal'
(Font)                  OT1/cmr/m/n --> OT1/ptmcm/m/n on input line 65.
LaTeX Font Info:    Overwriting symbol font `operators' in version `bold'
(Font)                  OT1/cmr/bx/n --> OT1/ptmcm/m/n on input line 65.
LaTeX Font Info:    Redeclaring symbol font `letters' on input line 66.
LaTeX Font Info:    Overwriting symbol font `letters' in version `normal'
(Font)                  OML/cmm/m/it --> OML/ptmcm/m/it on input line 66.
LaTeX Font Info:    Overwriting symbol font `letters' in version `bold'
(Font)                  OML/cmm/b/it --> OML/ptmcm/m/it on input line 66.
LaTeX Font Info:    Redeclaring symbol font `symbols' on input line 67.
LaTeX Font Info:    Overwriting symbol font `symbols' in version `normal'
(Font)                  OMS/cmsy/m/n --> OMS/pzccm/m/n on input line 67.
LaTeX Font Info:    Overwriting symbol font `symbols' in version `bold'
(Font)                  OMS/cmsy/b/n --> OMS/pzccm/m/n on input line 67.
LaTeX Font Info:    Redeclaring symbol font `largesymbols' on input line 68.
LaTeX Font Info:    Overwriting symbol font `largesymbols' in version `normal'
(Font)                  OMX/cmex/m/n --> OMX/psycm/m/n on input line 68.
LaTeX Font Info:    Overwriting symbol font `largesymbols' in version `bold'
(Font)                  OMX/cmex/m/n --> OMX/psycm/m/n on input line 68.
\symbold=\mathgroup6
\symitalic=\mathgroup7
LaTeX Font Info:    Redeclaring math alphabet \mathbf on input line 74.
LaTeX Font Info:    Overwriting math alphabet `\mathbf' in version `normal'
(Font)                  OT1/cmr/bx/n --> OT1/ptm/bx/n on input line 74.
LaTeX Font Info:    Overwriting math alphabet `\mathbf' in version `bold'
(Font)                  OT1/cmr/bx/n --> OT1/ptm/bx/n on input line 74.
LaTeX Font Info:    Redeclaring math alphabet \mathit on input line 75.
LaTeX Font Info:    Overwriting math alphabet `\mathit' in version `normal'
(Font)                  OT1/cmr/m/it --> OT1/ptm/m/it on input line 75.
LaTeX Font Info:    Overwriting math alphabet `\mathit' in version `bold'
(Font)                  OT1/cmr/bx/it --> OT1/ptm/m/it on input line 75.
) (apalike.sty
\bibhang=\skip60
) (SCITEPRESS.sty
Conference Style for SCITEPRESS for LaTeX 2e -- version of April 2015
\titlebox=\skip61
)
("C:\Users\siser\AppData\Local\Programs\MiKTeX 2.9\tex\latex\caption\caption.st
y"
Package: caption 2015/09/17 v3.3-111 Customizing captions (AR)

("C:\Users\siser\AppData\Local\Programs\MiKTeX 2.9\tex\latex\caption\caption3.s
ty"
Package: caption3 2015/09/20 v1.7-115 caption3 kernel (AR)
Package caption3 Info: TeX engine: e-TeX on input line 57.
\captionmargin=\dimen129
\captionmargin@=\dimen130
\captionwidth=\dimen131
\caption@tempdima=\dimen132
\caption@indent=\dimen133
\caption@parindent=\dimen134
\caption@hangindent=\dimen135
)
\c@ContinuedFloat=\count116
Package caption Info: subfigure package is loaded.
) ("C:\Users\siser\AppData\Local\Programs\MiKTeX 2.9\tex\latex\url\url.sty"
\Urlmuskip=\muskip11
Package: url 2013/09/16  ver 3.4  Verb mode for urls, etc.
)
("C:\Users\siser\AppData\Local\Programs\MiKTeX 2.9\tex\latex\sttools\flushend.s
ty"
Package: flushend 2015/04/14 v3.1 Balancing columns in twocolumn mode
\flushend@@lastskip@a=\skip62
\flushend@@lastskip@b=\skip63
\flushend@@lastskip@c=\skip64
\flushend@@penalty@a=\count117
\flushend@@lastkern@a=\dimen136
\var@@temp@spread=\dimen137
\var@@temp@a=\dimen138
\flushend@@page@rule=\dimen139
\flushend@@varbox@a=\box54
\flushend@@varbox@c=\box55
\flushend@@tempbox@a=\box56
\flushend@@tempbox@c=\box57
\@viper=\box58
\hold@viper=\box59
\atColsBreak=\toks27
\atColsEnd=\toks28

("C:\Users\siser\AppData\Local\Programs\MiKTeX 2.9\tex\latex\etoolbox\etoolbox.
sty"
Package: etoolbox 2015/08/02 v2.2a e-TeX tools for LaTeX (JAW)
\etb@tempcnta=\count118
))
("C:\Users\siser\AppData\Local\Programs\MiKTeX 2.9\tex\latex\graphics\color.sty
"
Package: color 2014/10/28 v1.1a Standard LaTeX Color (DPC)

("C:\Users\siser\AppData\Local\Programs\MiKTeX 2.9\tex\latex\00miktex\color.cfg
"
File: color.cfg 2007/01/18 v1.5 color configuration of teTeX/TeXLive
)
Package color Info: Driver file: pdftex.def on input line 142.
) (paper.aux)
\openout1 = `paper.aux'.

LaTeX Font Info:    Checking defaults for OML/cmm/m/it on input line 24.
LaTeX Font Info:    ... okay on input line 24.
LaTeX Font Info:    Checking defaults for T1/cmr/m/n on input line 24.
LaTeX Font Info:    ... okay on input line 24.
LaTeX Font Info:    Checking defaults for OT1/cmr/m/n on input line 24.
LaTeX Font Info:    ... okay on input line 24.
LaTeX Font Info:    Checking defaults for OMS/pzccm/m/n on input line 24.
LaTeX Font Info:    Try loading font information for OMS+pzccm on input line 24
.

("C:\Users\siser\AppData\Local\Programs\MiKTeX 2.9\tex\latex\psnfss\omspzccm.fd
"
File: omspzccm.fd 2000/01/03 Fontinst v1.801 font definitions for OMS/pzccm.
)
LaTeX Font Info:    ... okay on input line 24.
LaTeX Font Info:    Checking defaults for OMX/cmex/m/n on input line 24.
LaTeX Font Info:    ... okay on input line 24.
LaTeX Font Info:    Checking defaults for U/cmr/m/n on input line 24.
LaTeX Font Info:    ... okay on input line 24.

("C:\Users\siser\AppData\Local\Programs\MiKTeX 2.9\tex\context\base\supp-pdf.mk
ii"
[Loading MPS to PDF converter (version 2006.09.02).]
\scratchcounter=\count119
\scratchdimen=\dimen140
\scratchbox=\box60
\nofMPsegments=\count120
\nofMParguments=\count121
\everyMPshowfont=\toks29
\MPscratchCnt=\count122
\MPscratchDim=\dimen141
\MPnumerator=\count123
\makeMPintoPDFobject=\count124
\everyMPtoPDFconversion=\toks30
)
Package caption Info: Begin \AtBeginDocument code.
Package caption Info: End \AtBeginDocument code.
LaTeX Font Info:    Font shape `OT1/ptm/bx/n' in size <14.4> not available
(Font)              Font shape `OT1/ptm/b/n' tried instead on input line 52.
LaTeX Font Info:    Font shape `OMS/ptm/m/it' in size <9> not available
(Font)              Font shape `OMS/pzccm/m/n' tried instead on input line 52.

Underfull \hbox (badness 10000) in paragraph at lines 52--52

 []

LaTeX Font Info:    Font shape `OT1/ptm/bx/n' in size <13> not available
(Font)              Font shape `OT1/ptm/b/n' tried instead on input line 54.
LaTeX Font Info:    Try loading font information for OT1+ptmcm on input line 58
.
("C:\Users\siser\AppData\Local\Programs\MiKTeX 2.9\tex\latex\psnfss\ot1ptmcm.fd
"
File: ot1ptmcm.fd 2000/01/03 Fontinst v1.801 font definitions for OT1/ptmcm.
)
LaTeX Font Info:    Try loading font information for OML+ptmcm on input line 58
.

("C:\Users\siser\AppData\Local\Programs\MiKTeX 2.9\tex\latex\psnfss\omlptmcm.fd
"
File: omlptmcm.fd 2000/01/03 Fontinst v1.801 font definitions for OML/ptmcm.
)
LaTeX Font Info:    Try loading font information for OMX+psycm on input line 58
.

("C:\Users\siser\AppData\Local\Programs\MiKTeX 2.9\tex\latex\psnfss\omxpsycm.fd
"
File: omxpsycm.fd 2000/01/03 Fontinst v1.801 font definitions for OMX/psycm.
)
LaTeX Font Info:    Try loading font information for U+msa on input line 58.
 ("C:\Users\siser\AppData\Local\Programs\MiKTeX 2.9\tex\latex\amsfonts\umsa.fd"
File: umsa.fd 2013/01/14 v3.01 AMS symbols A
)
LaTeX Font Info:    Try loading font information for U+msb on input line 58.

("C:\Users\siser\AppData\Local\Programs\MiKTeX 2.9\tex\latex\amsfonts\umsb.fd"
File: umsb.fd 2013/01/14 v3.01 AMS symbols B
)
LaTeX Font Info:    Font shape `OT1/ptm/bx/n' in size <10> not available
(Font)              Font shape `OT1/ptm/b/n' tried instead on input line 58.
LaTeX Font Info:    Font shape `OT1/ptm/bx/n' in size <7.4> not available
(Font)              Font shape `OT1/ptm/b/n' tried instead on input line 58.
LaTeX Font Info:    Font shape `OT1/ptm/bx/n' in size <6> not available
(Font)              Font shape `OT1/ptm/b/n' tried instead on input line 58.
LaTeX Font Info:    Font shape `OT1/ptm/bx/n' in size <9> not available
(Font)              Font shape `OT1/ptm/b/n' tried instead on input line 58.
LaTeX Font Info:    Font shape `OT1/ptm/bx/n' in size <7> not available
(Font)              Font shape `OT1/ptm/b/n' tried instead on input line 58.
LaTeX Font Info:    Font shape `OT1/ptm/bx/n' in size <5> not available
(Font)              Font shape `OT1/ptm/b/n' tried instead on input line 58.

Underfull \hbox (badness 1062) in paragraph at lines 56--65
\OT1/ptm/m/n/10 (general-purpose GPU) com-pu-ta-tion ser-vices. A
 []


Underfull \hbox (badness 1831) in paragraph at lines 72--75
[][]\OT1/ptm/m/n/10 Unfortunately, shar-ing GPU re-sources among
 []


LaTeX Warning: Reference `sec:motivation' on page 1 undefined on input line 90.



Underfull \vbox (badness 4739) has occurred while \output is active []

 [1{C:/Users/siser/AppData/Local/MiKTeX/2.9/pdftex/config/pdftex.map}




]
LaTeX Font Info:    Font shape `OT1/ptm/bx/n' in size <12> not available
(Font)              Font shape `OT1/ptm/b/n' tried instead on input line 98.

Underfull \hbox (badness 1496) in paragraph at lines 115--122
\OT1/ptm/m/n/10 pro-gram-ming mod-els, rCUDA has been re-cently
 []


Underfull \hbox (badness 1430) in paragraph at lines 115--122
\OT1/ptm/m/n/10 ex-tended to ac-com-mo-date directive-based mod-els
 []

[2]
Overfull \hbox (6.18195pt too wide) in paragraph at lines 263--269
 [] 
 []


Overfull \hbox (4.61502pt too wide) in paragraph at lines 284--290
 [] 
 []

[3]
LaTeX Font Info:    Font shape `OMS/ptm/m/n' in size <10> not available
(Font)              Font shape `OMS/pzccm/m/n' tried instead on input line 345.

 <images/aws3.pdf, id=16, 912.86044pt x 680.2414pt>
File: images/aws3.pdf Graphic file (type pdf)
 <use images/aws3.pdf>
Package pdftex.def Info: images/aws3.pdf used on input line 362.
(pdftex.def)             Requested size: 141.6223pt x 105.52974pt.

<images/aws2.pdf, id=17, 912.86044pt x 679.78969pt>
File: images/aws2.pdf Graphic file (type pdf)
 <use images/aws2.pdf>
Package pdftex.def Info: images/aws2.pdf used on input line 366.
(pdftex.def)             Requested size: 141.6223pt x 105.45966pt.

<images/aws1.pdf, id=18, 912.86044pt x 679.78969pt>
File: images/aws1.pdf Graphic file (type pdf)
 <use images/aws1.pdf>
Package pdftex.def Info: images/aws1.pdf used on input line 369.
(pdftex.def)             Requested size: 141.6223pt x 105.45966pt.

<images/mont.pdf, id=19, 719.5683pt x 389.05351pt>
File: images/mont.pdf Graphic file (type pdf)
 <use images/mont.pdf>
Package pdftex.def Info: images/mont.pdf used on input line 409.
(pdftex.def)             Requested size: 213.41443pt x 115.38718pt.

<images/lammps1.pdf, id=20, 483.4863pt x 260.4129pt>
File: images/lammps1.pdf Graphic file (type pdf)
 <use images/lammps1.pdf>
Package pdftex.def Info: images/lammps1.pdf used on input line 430.
(pdftex.def)             Requested size: 213.41443pt x 114.94759pt.

<images/lammps2.pdf, id=21, 483.72722pt x 239.4546pt>
File: images/lammps2.pdf Graphic file (type pdf)
 <use images/lammps2.pdf>
Package pdftex.def Info: images/lammps2.pdf used on input line 434.
(pdftex.def)             Requested size: 213.41443pt x 105.64534pt.

Overfull \hbox (2.5pt too wide) in paragraph at lines 430--435
 [][] 
 []


Overfull \hbox (2.5pt too wide) in paragraph at lines 430--435
 [] 
 []

[4]
Underfull \vbox (badness 1803) has occurred while \output is active []

 [5 <./images/aws3.pdf> <./images/aws2.pdf

pdfTeX warning: pdflatex.EXE (file ./images/aws2.pdf): PDF inclusion: multiple 
pdfs with page group included in a single page
> <./images/aws1.pdf

pdfTeX warning: pdflatex.EXE (file ./images/aws1.pdf): PDF inclusion: multiple 
pdfs with page group included in a single page
> <./images/mont.pdf> <./images/lammps1.pdf> <./images/lammps2.pdf>]
<images/os-orig.png, id=121, 566.86781pt x 234.1247pt>
File: images/os-orig.png Graphic file (type png)

<use images/os-orig.png>
Package pdftex.def Info: images/os-orig.png used on input line 471.
(pdftex.def)             Requested size: 213.41443pt x 88.14307pt.
 <images/os1.jpg, id=122, 747.79375pt x 310.15875pt>
File: images/os1.jpg Graphic file (type jpg)

<use images/os1.jpg>
Package pdftex.def Info: images/os1.jpg used on input line 476.
(pdftex.def)             Requested size: 213.41443pt x 88.51447pt.

Overfull \hbox (5.0pt too wide) in paragraph at lines 471--477
 [][] 
 []


Overfull \hbox (5.0pt too wide) in paragraph at lines 471--477
 [] 
 []

<images/os2.png, id=123, 490.9542pt x 262.3401pt>
File: images/os2.png Graphic file (type png)
 <use images/os2.png>
Package pdftex.def Info: images/os2.png used on input line 483.
(pdftex.def)             Requested size: 213.41443pt x 114.04095pt.

Underfull \vbox (badness 10000) has occurred while \output is active []


<images/workingmodes.jpg, id=124, 1146.2022pt x 1002.6258pt>
File: images/workingmodes.jpg Graphic file (type jpg)

<use images/workingmodes.jpg>
Package pdftex.def Info: images/workingmodes.jpg used on input line 506.
(pdftex.def)             Requested size: 224.79558pt x 196.6357pt.

Overfull \hbox (11.38115pt too wide) in paragraph at lines 506--507
 [][] 
 []

[6 <./images/os-orig.png> <./images/os1.jpg> <./images/os2.png> <./images/worki
ngmodes.jpg>] <images/UI-launch.pdf, id=129, 728.7225pt x 772.8875pt>
File: images/UI-launch.pdf Graphic file (type pdf)

<use images/UI-launch.pdf>
Package pdftex.def Info: images/UI-launch.pdf used on input line 519.
(pdftex.def)             Requested size: 213.41443pt x 226.34877pt.

<images/UI-rgpus.pdf, id=130, 925.4575pt x 365.365pt>
File: images/UI-rgpus.pdf Graphic file (type pdf)

<use images/UI-rgpus.pdf>
Package pdftex.def Info: images/UI-rgpus.pdf used on input line 526.
(pdftex.def)             Requested size: 213.41443pt x 84.2496pt.
Missing character: There is no ‚ in font ptmr7t!
Missing character: There is no Ä in font ptmr7t!
Missing character: There is no ú in font ptmr7t!
Missing character: There is no ‚ in font ptmr7t!
Missing character: There is no Ä in font ptmr7t!
Missing character: There is no ù in font ptmr7t!
Missing character: There is no ‚ in font ptmr7t!
Missing character: There is no Ä in font ptmr7t!
Missing character: There is no ú in font ptmr7t!
Missing character: There is no ‚ in font ptmr7t!
Missing character: There is no Ä in font ptmr7t!
Missing character: There is no ù in font ptmr7t!

<images/mcudameme-os.pdf, id=131, 719.5683pt x 408.0846pt>
File: images/mcudameme-os.pdf Graphic file (type pdf)

<use images/mcudameme-os.pdf>
Package pdftex.def Info: images/mcudameme-os.pdf used on input line 563.
(pdftex.def)             Requested size: 213.41443pt x 121.0315pt.
 [7 <./images/UI-launch.pdf> <./images/UI-rgpus.pdf> <./images/mcudameme-os.pdf
>] (paper.bbl [8]
Underfull \hbox (badness 1824) in paragraph at lines 78--82
[]\OT1/ptm/m/n/9 Liu, Y., Schmidt, B., Liu, W., and Maskell, D. L.
 []


Underfull \hbox (badness 10000) in paragraph at lines 88--92
[]\OT1/ptm/m/n/9 OpenStack Foun-da-tion (2015a).  Open-Stack.
 []


Underfull \hbox (badness 4518) in paragraph at lines 94--98
[]\OT1/ptm/m/n/9 OpenStack Foun-da-tion (2015b).  Open-Stack op-er-a-
 []


Underfull \hbox (badness 4279) in paragraph at lines 94--98
\OT1/ptm/m/n/9 tion guide.  http://docs.openstack.org/openstack-
 []

)
- LAST -
Extra skip:16.2135pt
Left:260.0pt/0.16193pt
Right:242.0pt/1.94843pt
Output:258.0pt
 [9] (paper.aux)

LaTeX Warning: There were undefined references.

 ) 
Here is how much of TeX's memory you used:
 4437 strings out of 493634
 64413 string characters out of 3135239
 134712 words of memory out of 3000000
 7731 multiletter control sequences out of 15000+200000
 42417 words of font info for 92 fonts, out of 3000000 for 9000
 1025 hyphenation exceptions out of 8191
 41i,8n,40p,838b,305s stack positions out of 5000i,500n,10000p,200000b,50000s
{C:/Users/siser/AppData/Local/Programs/MiKTeX 2.9/fonts/enc/dvips/fontname/8r
.enc}<C:/Users/siser/AppData/Local/Programs/MiKTeX 2.9/fonts/type1/public/amsfo
nts/cm/cmsy10.pfb><C:/Users/siser/AppData/Local/Programs/MiKTeX 2.9/fonts/type1
/urw/courier/ucrr8a.pfb><C:/Users/siser/AppData/Local/Programs/MiKTeX 2.9/fonts
/type1/urw/times/utmb8a.pfb><C:/Users/siser/AppData/Local/Programs/MiKTeX 2.9/f
onts/type1/urw/times/utmr8a.pfb><C:/Users/siser/AppData/Local/Programs/MiKTeX 2
.9/fonts/type1/urw/times/utmri8a.pfb>
Output written on paper.pdf (9 pages, 11577989 bytes).
PDF statistics:
 220 PDF objects out of 1000 (max. 8388607)
 0 named destinations out of 1000 (max. 500000)
 66 words of extra memory for PDF output out of 10000 (max. 10000000)

